#
# A fatal error has been detected by the Java Runtime Environment:
#
#  EXCEPTION_ACCESS_VIOLATION (0xc0000005) at pc=0x00007ffc2eb7bc8a, pid=25632, tid=16540
#
# JRE version: OpenJDK Runtime Environment Temurin-17.0.1+12 (17.0.1+12) (build 17.0.1+12)
# Java VM: OpenJDK 64-Bit Server VM Temurin-17.0.1+12 (17.0.1+12, mixed mode, tiered, compressed oops, compressed class ptrs, g1 gc, windows-amd64)
# Problematic frame:
# V  [jvm.dll+0x79bc8a]
#
# No core dump will be written. Minidumps are not enabled by default on client versions of Windows
#
# If you would like to submit a bug report, please visit:
#   https://github.com/adoptium/adoptium-support/issues
#

---------------  S U M M A R Y ------------

Command Line: -XX:+ShowCodeDetailsInExceptionMessages -agentlib:jdwp=transport=dt_socket,suspend=y,address=localhost:52946 -ea -javaagent:C:\Users\gabri\eclipse\java-2021-12\eclipse\configuration\org.eclipse.osgi\224\0\.cp\lib\javaagent-shaded.jar -Dfile.encoding=UTF-8 org.eclipse.jdt.internal.junit.runner.RemoteTestRunner -version 3 -port 52945 -testLoaderClass org.eclipse.jdt.internal.junit5.runner.JUnit5TestLoader -loaderpluginname org.eclipse.jdt.junit5.runtime -test ca.csfoy.servicesweb.camarchedoc.api.EventResourceTest:validUpdateEventReturn204NoContent -uniqueId [engine:junit-jupiter]/[class:ca.csfoy.servicesweb.camarchedoc.api.EventResourceTest]/[method:validUpdateEventReturn204NoContent()]

Host: Intel(R) Core(TM) i7-9750H CPU @ 2.60GHz, 12 cores, 15G,  Windows 10 , 64 bit Build 19041 (10.0.19041.1645)
Time: Wed Apr 27 21:29:51 2022 Est (heure d, 64 bit Build 19041 (10.0.19041.1645) elapsed time: 115.740980 seconds (0d 0h 1m 55s)

---------------  T H R E A D  ---------------

Current thread (0x0000024542bc14f0):  JavaThread "JDWP Transport Listener: dt_socket" daemon [_thread_in_vm, id=16540, stack(0x0000009fb0e00000,0x0000009fb0f00000)]

Stack: [0x0000009fb0e00000,0x0000009fb0f00000],  sp=0x0000009fb0eff750,  free space=1021k
Native frames: (J=compiled Java code, j=interpreted, Vv=VM code, C=native code)
V  [jvm.dll+0x79bc8a]
V  [jvm.dll+0x507e6c]
V  [jvm.dll+0x4cf4d4]
C  [jdwp.dll+0x22dff]


siginfo: EXCEPTION_ACCESS_VIOLATION (0xc0000005), reading address 0x0000000000880013


Register to memory mapping:

RIP=0x00007ffc2eb7bc8a jvm.dll
RAX=0x0000000000000087 is an unknown value
RBX=0x000002454289422e points into unknown readable memory: 24 31
RCX=0x000000000088000f is an unknown value
RDX=0x0000024545586c50 points into unknown readable memory: 0x6f6673632f61634c | 4c 63 61 2f 63 73 66 6f
RSP=0x0000009fb0eff750 is pointing into the stack for thread: 0x0000024542bc14f0
RBP=0x0000024542af3980 points into unknown readable memory: 0x0000000000000002 | 02 00 00 00 00 00 00 00
RSI=0x0 is NULL
RDI=0xffffffffffffffff is an unknown value
R8 =0x0000000000000002 is an unknown value
R9 =0x0000000000000014 is an unknown value
R10=0x0 is NULL
R11=0x0000009fb0eff770 is pointing into the stack for thread: 0x0000024542bc14f0
R12=0x0000009fb0eff8a8 is pointing into the stack for thread: 0x0000024542bc14f0
R13=0x0 is NULL
R14=0x000000080044b7d0 is a pointer to class: 
ca.csfoy.servicesweb.camarchedoc.controller.validation.EventCustomValidator {0x000000080044b7d8}
 - instance size:     3
 - klass size:        78
 - access:            public synchronized 
 - state:             fully_initialized
 - name:              'ca/csfoy/servicesweb/camarchedoc/controller/validation/EventCustomValidator'
 - super:             'java/lang/Object'
 - sub:               
 - arrays:            NULL
 - methods:           Array<T>(0x00000245509022e8)
 - method ordering:   Array<T>(0x0000024550902b78)
 - default_methods:   Array<T>(0x0000000000000000)
 - local interfaces:  Array<T>(0x0000024549b299e0)
 - trans. interfaces: Array<T>(0x0000024549b299e0)
 - constants:         constant pool [161]/operands[14] {0x0000024550903848} for 'ca/csfoy/servicesweb/camarchedoc/controller/validation/EventCustomValidator' cache=0x0000024550903e28
 - class loader data:  loader data: 0x0000024542815e70 for instance a 'jdk/internal/loader/ClassLoaders$AppClassLoader'{0x0000000703051ed8}
 - source file:       'EventCustomValidator.java'
 - source debug extension:       SMAP
EventCustomValidator.java
Java
*S jdt
*F
1 EventCustomValidator.java
2 file:/D:/session4/Service%20Web/ex/projectTp2/target/classes/
*L
*E

 - class annotations:       Array<T>(0x0000000000000000)
 - class type annotations:  Array<T>(0x0000000000000000)
 - field annotations:       Array<T>(0x0000000000000000)
 - field type annotations:  Array<T>(0x0000000000000000)
 - previous version:  constant pool [158]/operands[14] {0x0000024549b29418} for 'ca/csfoy/servicesweb/camarchedoc/controller/validation/EventCustomValidator' (extra) cache=0x000002455022e2e8
 - generic signature: '
[error occurred during error reporting (printing register info), id 0xc0000005, EXCEPTION_ACCESS_VIOLATION (0xc0000005) at pc=0x00007ffc2eb7c896]

Registers:
RAX=0x0000000000000087, RBX=0x000002454289422e, RCX=0x000000000088000f, RDX=0x0000024545586c50
RSP=0x0000009fb0eff750, RBP=0x0000024542af3980, RSI=0x0000000000000000, RDI=0xffffffffffffffff
R8 =0x0000000000000002, R9 =0x0000000000000014, R10=0x0000000000000000, R11=0x0000009fb0eff770
R12=0x0000009fb0eff8a8, R13=0x0000000000000000, R14=0x000000080044b7d0, R15=0x0000009fb0eff8f8
RIP=0x00007ffc2eb7bc8a, EFLAGS=0x0000000000010206

Top of Stack: (sp=0x0000009fb0eff750)
0x0000009fb0eff750:   000000000000004b 000000080044b7d0
0x0000009fb0eff760:   0000024542bc14f0 0000000000000000
0x0000009fb0eff770:   ffffffffffffffff 00007ffc2e8e7e6c
0x0000009fb0eff780:   000002454289422e 00000245428941e0
0x0000009fb0eff790:   0000024542af3980 000002454cf19620
0x0000009fb0eff7a0:   0000024542894180 00000000000003d8
0x0000009fb0eff7b0:   0000024542894190 0000024542894568
0x0000009fb0eff7c0:   0000000000000002 0000009fb0eff8a8
0x0000009fb0eff7d0:   0000000000000000 0000000000000000
0x0000009fb0eff7e0:   00000007034e9590 00007ffc2e8af4d4
0x0000009fb0eff7f0:   0000024542bc14f0 0000009fb0eff8f8
0x0000009fb0eff800:   0000024522f23860 0000009fb0eff8f8
0x0000009fb0eff810:   0000024542bc14f0 0000000000000000
0x0000009fb0eff820:   0000024500000000 0000000000000000
0x0000009fb0eff830:   000000000000000d 00007ffcb1612dff
0x0000009fb0eff840:   0000009fb0eff8f0 00007ffcb1621aa0 

Instructions: (pc=0x00007ffc2eb7bc8a)
0x00007ffc2eb7bb8a:   48 83 c4 20 5f e9 3c a2 90 ff cc cc cc cc cc cc
0x00007ffc2eb7bb9a:   cc cc cc cc cc cc 48 89 5c 24 08 57 48 83 ec 20
0x00007ffc2eb7bbaa:   83 fa 02 8d 42 06 b9 08 00 00 00 49 8b d8 0f 4e
0x00007ffc2eb7bbba:   c1 48 63 c8 48 83 c1 07 83 e1 f8 48 63 f9 49 8b
0x00007ffc2eb7bbca:   48 18 48 8b c7 48 f7 d0 48 3b c1 73 16 4c 8d 05
0x00007ffc2eb7bbda:   5a 55 17 00 48 8b d7 48 8b cb e8 47 05 91 ff 48
0x00007ffc2eb7bbea:   8b 4b 18 48 8d 04 39 48 3b 43 20 76 18 45 33 c0
0x00007ffc2eb7bbfa:   48 8b d7 48 8b cb 48 8b 5c 24 30 48 83 c4 20 5f
0x00007ffc2eb7bc0a:   e9 a1 01 91 ff 48 89 43 18 48 8b c1 48 8b 5c 24
0x00007ffc2eb7bc1a:   30 48 83 c4 20 5f c3 cc cc cc cc cc cc cc cc cc
0x00007ffc2eb7bc2a:   cc cc cc cc cc cc 4c 8b d2 4c 8b d9 45 85 c0 7e
0x00007ffc2eb7bc3a:   3c 44 0f b7 49 04 41 8d 40 ff 41 3b c1 44 0f 4c
0x00007ffc2eb7bc4a:   c8 4d 63 c1 45 85 c9 7e 1f 48 8b c2 4c 2b da 49
0x00007ffc2eb7bc5a:   8b d0 0f 1f 40 00 41 0f b6 4c 03 06 88 08 48 8d
0x00007ffc2eb7bc6a:   40 01 48 83 ea 01 75 ee 43 c6 04 10 00 49 8b c2
0x00007ffc2eb7bc7a:   c3 cc cc cc cc cc 48 89 5c 24 08 57 48 83 ec 20
0x00007ffc2eb7bc8a:   0f b7 59 04 48 8b f9 33 d2 48 8d 4b 01 e8 24 e8
0x00007ffc2eb7bc9a:   f2 ff 0f b7 57 04 4c 8b c0 3b da 0f 42 d3 44 8b
0x00007ffc2eb7bcaa:   ca 85 d2 74 39 48 2b f8 0f 1f 40 00 66 66 0f 1f
0x00007ffc2eb7bcba:   84 00 00 00 00 00 0f b6 4c 07 06 88 08 48 ff c0
0x00007ffc2eb7bcca:   48 8b c8 49 2b c8 49 3b c9 7c eb 42 c6 04 02 00
0x00007ffc2eb7bcda:   49 8b c0 48 8b 5c 24 30 48 83 c4 20 5f c3 48 8b
0x00007ffc2eb7bcea:   5c 24 30 c6 04 02 00 48 83 c4 20 5f c3 cc cc cc
0x00007ffc2eb7bcfa:   cc cc cc cc cc cc 4c 8b d1 45 85 c0 7e 6c 44 0f
0x00007ffc2eb7bd0a:   b7 49 04 41 8d 40 ff 41 3b c1 44 0f 4c c8 4d 63
0x00007ffc2eb7bd1a:   d9 45 85 c9 7e 22 48 8b ca 4c 2b d2 4d 8b c3 0f
0x00007ffc2eb7bd2a:   1f 80 00 00 00 00 41 0f b6 44 0a 06 88 01 48 8d
0x00007ffc2eb7bd3a:   49 01 49 83 e8 01 75 ee 41 c6 04 13 00 48 c7 c0
0x00007ffc2eb7bd4a:   ff ff ff ff 66 90 48 ff c0 80 3c 02 00 75 f7 48
0x00007ffc2eb7bd5a:   63 c8 85 c0 48 8b c2 7e 14 80 38 2f 75 03 c6 00
0x00007ffc2eb7bd6a:   2e 48 ff c0 48 83 e9 01 75 ef 48 8b c2 c3 cc cc
0x00007ffc2eb7bd7a:   cc cc cc cc cc cc 48 83 ec 28 e8 f7 fe ff ff 4c 


Stack slot to memory mapping:
stack at sp + 0 slots: 0x000000000000004b is an unknown value
stack at sp + 1 slots: 0x000000080044b7d0 is a pointer to class: 
ca.csfoy.servicesweb.camarchedoc.controller.validation.EventCustomValidator {0x000000080044b7d8}
 - instance size:     3
 - klass size:        78
 - access:            public synchronized 
 - state:             fully_initialized
 - name:              'ca/csfoy/servicesweb/camarchedoc/controller/validation/EventCustomValidator'
 - super:             'java/lang/Object'
 - sub:               
 - arrays:            NULL
 - methods:           Array<T>(0x00000245509022e8)
 - method ordering:   Array<T>(0x0000024550902b78)
 - default_methods:   Array<T>(0x0000000000000000)
 - local interfaces:  Array<T>(0x0000024549b299e0)
 - trans. interfaces: Array<T>(0x0000024549b299e0)
 - constants:         constant pool [161]/operands[14] {0x0000024550903848} for 'ca/csfoy/servicesweb/camarchedoc/controller/validation/EventCustomValidator' cache=0x0000024550903e28
 - class loader data:  loader data: 0x0000024542815e70 for instance a 'jdk/internal/loader/ClassLoaders$AppClassLoader'{0x0000000703051ed8}
 - source file:       'EventCustomValidator.java'
 - source debug extension:       SMAP
EventCustomValidator.java
Java
*S jdt
*F
1 EventCustomValidator.java
2 file:/D:/session4/Service%20Web/ex/projectTp2/target/classes/
*L
*E

 - class annotations:       Array<T>(0x0000000000000000)
 - class type annotations:  Array<T>(0x0000000000000000)
 - field annotations:       Array<T>(0x0000000000000000)
 - field type annotations:  Array<T>(0x0000000000000000)
 - previous version:  constant pool [158]/operands[14] {0x0000024549b29418} for 'ca/csfoy/servicesweb/camarchedoc/controller/validation/EventCustomValidator' (extra) cache=0x000002455022e2e8
 - generic signature: '
[error occurred during error reporting (inspecting top of stack), id 0xc0000005, EXCEPTION_ACCESS_VIOLATION (0xc0000005) at pc=0x00007ffc2eb7c896]


---------------  P R O C E S S  ---------------

Threads class SMR info:
_java_thread_list=0x000002454a37dfa0, length=17, elements={
0x0000024522f35270, 0x0000024542811470, 0x0000024542812470, 0x000002454281f6f0,
0x0000024542871420, 0x0000024542871ce0, 0x0000024542876ab0, 0x000002454287f6b0,
0x000002454287ffb0, 0x0000024542893080, 0x0000024542997320, 0x0000024542bc14f0,
0x0000024542bc33a0, 0x0000024542bc3890, 0x00000245431c4f00, 0x0000024544495af0,
0x0000024548c39920
}

Java Threads: ( => current thread )
  0x0000024522f35270 JavaThread "main" [_thread_blocked, id=24800, stack(0x0000009fafd00000,0x0000009fafe00000)]
  0x0000024542811470 JavaThread "Reference Handler" daemon [_thread_blocked, id=15936, stack(0x0000009fb0400000,0x0000009fb0500000)]
  0x0000024542812470 JavaThread "Finalizer" daemon [_thread_blocked, id=1092, stack(0x0000009fb0500000,0x0000009fb0600000)]
  0x000002454281f6f0 JavaThread "Signal Dispatcher" daemon [_thread_blocked, id=26612, stack(0x0000009fb0600000,0x0000009fb0700000)]
  0x0000024542871420 JavaThread "Attach Listener" daemon [_thread_blocked, id=10600, stack(0x0000009fb0700000,0x0000009fb0800000)]
  0x0000024542871ce0 JavaThread "Service Thread" daemon [_thread_blocked, id=23128, stack(0x0000009fb0800000,0x0000009fb0900000)]
  0x0000024542876ab0 JavaThread "Monitor Deflation Thread" daemon [_thread_blocked, id=9732, stack(0x0000009fb0900000,0x0000009fb0a00000)]
  0x000002454287f6b0 JavaThread "C2 CompilerThread0" daemon [_thread_blocked, id=15892, stack(0x0000009fb0a00000,0x0000009fb0b00000)]
  0x000002454287ffb0 JavaThread "C1 CompilerThread0" daemon [_thread_blocked, id=16328, stack(0x0000009fb0b00000,0x0000009fb0c00000)]
  0x0000024542893080 JavaThread "Sweeper thread" daemon [_thread_blocked, id=1880, stack(0x0000009fb0c00000,0x0000009fb0d00000)]
  0x0000024542997320 JavaThread "Common-Cleaner" daemon [_thread_blocked, id=8360, stack(0x0000009fb0d00000,0x0000009fb0e00000)]
=>0x0000024542bc14f0 JavaThread "JDWP Transport Listener: dt_socket" daemon [_thread_in_vm, id=16540, stack(0x0000009fb0e00000,0x0000009fb0f00000)]
  0x0000024542bc33a0 JavaThread "JDWP Event Helper Thread" daemon [_thread_blocked, id=24572, stack(0x0000009fb0f00000,0x0000009fb1000000)]
  0x0000024542bc3890 JavaThread "JDWP Command Reader" daemon [_thread_in_native, id=22080, stack(0x0000009fb1000000,0x0000009fb1100000)]
  0x00000245431c4f00 JavaThread "Notification Thread" daemon [_thread_blocked, id=4724, stack(0x0000009fb1200000,0x0000009fb1300000)]
  0x0000024544495af0 JavaThread "ReaderThread" [_thread_in_native, id=25344, stack(0x0000009fb1500000,0x0000009fb1600000)]
  0x0000024548c39920 JavaThread "HikariPool-1 housekeeper" daemon [_thread_blocked, id=16916, stack(0x0000009fb2100000,0x0000009fb2200000)]

Other Threads:
  0x0000024542834400 VMThread "VM Thread" [stack: 0x0000009fb0300000,0x0000009fb0400000] [id=20108]
  0x0000024522fafb30 WatcherThread [stack: 0x0000009fb1300000,0x0000009fb1400000] [id=25552]
  0x0000024522f83ba0 GCTaskThread "GC Thread#0" [stack: 0x0000009fafe00000,0x0000009faff00000] [id=14384]
  0x0000024544370c90 GCTaskThread "GC Thread#1" [stack: 0x0000009fb1600000,0x0000009fb1700000] [id=768]
  0x000002454407e030 GCTaskThread "GC Thread#2" [stack: 0x0000009fb1700000,0x0000009fb1800000] [id=14440]
  0x000002454407e2e0 GCTaskThread "GC Thread#3" [stack: 0x0000009fb1800000,0x0000009fb1900000] [id=25360]
  0x000002454407e590 GCTaskThread "GC Thread#4" [stack: 0x0000009fb1900000,0x0000009fb1a00000] [id=21140]
  0x000002454407f050 GCTaskThread "GC Thread#5" [stack: 0x0000009fb1a00000,0x0000009fb1b00000] [id=18620]
  0x0000024544394880 GCTaskThread "GC Thread#6" [stack: 0x0000009fb1b00000,0x0000009fb1c00000] [id=1512]
  0x000002454457c8d0 GCTaskThread "GC Thread#7" [stack: 0x0000009fb1c00000,0x0000009fb1d00000] [id=16084]
  0x0000024544521f00 GCTaskThread "GC Thread#8" [stack: 0x0000009fb1d00000,0x0000009fb1e00000] [id=15848]
  0x00000245445221b0 GCTaskThread "GC Thread#9" [stack: 0x0000009fb1e00000,0x0000009fb1f00000] [id=13372]
  0x0000024522f94ea0 ConcurrentGCThread "G1 Main Marker" [stack: 0x0000009faff00000,0x0000009fb0000000] [id=20208]
  0x0000024522f957c0 ConcurrentGCThread "G1 Conc#0" [stack: 0x0000009fb0000000,0x0000009fb0100000] [id=12468]
  0x0000024545b753f0 ConcurrentGCThread "G1 Conc#1" [stack: 0x0000009fb1f00000,0x0000009fb2000000] [id=25968]
  0x0000024545c9fc00 ConcurrentGCThread "G1 Conc#2" [stack: 0x0000009fb2000000,0x0000009fb2100000] [id=26428]
  0x0000024541cc40e0 ConcurrentGCThread "G1 Refine#0" [stack: 0x0000009fb0100000,0x0000009fb0200000] [id=11632]
  0x0000024541cc4a10 ConcurrentGCThread "G1 Service" [stack: 0x0000009fb0200000,0x0000009fb0300000] [id=4156]

Threads with active compile tasks:

VM state: not at safepoint (normal execution)

VM Mutex/Monitor currently owned by a thread: None

Heap address: 0x0000000702e00000, size: 4050 MB, Compressed Oops mode: Zero based, Oop shift amount: 3

CDS archive(s) not mapped
Compressed class space mapped at: 0x0000000800000000-0x0000000840000000, reserved size: 1073741824
Narrow klass base: 0x0000000800000000, Narrow klass shift: 0, Narrow klass range: 0x40000000

GC Precious Log:
 CPUs: 12 total, 12 available
 Memory: 16194M
 Large Page Support: Disabled
 NUMA Support: Disabled
 Compressed Oops: Enabled (Zero based)
 Heap Region Size: 2M
 Heap Min Capacity: 8M
 Heap Initial Capacity: 254M
 Heap Max Capacity: 4050M
 Pre-touch: Disabled
 Parallel Workers: 10
 Concurrent Workers: 3
 Concurrent Refinement Workers: 10
 Periodic GC: Disabled

Heap:
 garbage-first heap   total 176128K, used 130335K [0x0000000702e00000, 0x0000000800000000)
  region size 2048K, 51 young (104448K), 3 survivors (6144K)
 Metaspace       used 75230K, committed 75712K, reserved 1122304K
  class space    used 9571K, committed 9792K, reserved 1048576K

Heap Regions: E=young(eden), S=young(survivor), O=old, HS=humongous(starts), HC=humongous(continues), CS=collection set, F=free, OA=open archive, CA=closed archive, TAMS=top-at-mark-start (previous, next)
|   0|0x0000000702e00000, 0x0000000703000000, 0x0000000703000000|100%| O|  |TAMS 0x0000000703000000, 0x0000000702e00000| Untracked 
|   1|0x0000000703000000, 0x0000000703200000, 0x0000000703200000|100%| O|  |TAMS 0x0000000703200000, 0x0000000703000000| Untracked 
|   2|0x0000000703200000, 0x0000000703400000, 0x0000000703400000|100%| O|  |TAMS 0x0000000703400000, 0x0000000703200000| Untracked 
|   3|0x0000000703400000, 0x0000000703600000, 0x0000000703600000|100%| O|  |TAMS 0x0000000703600000, 0x0000000703400000| Untracked 
|   4|0x0000000703600000, 0x0000000703800000, 0x0000000703800000|100%| O|  |TAMS 0x0000000703800000, 0x0000000703600000| Untracked 
|   5|0x0000000703800000, 0x0000000703a00000, 0x0000000703a00000|100%| O|  |TAMS 0x0000000703a00000, 0x0000000703800000| Untracked 
|   6|0x0000000703a00000, 0x0000000703c00000, 0x0000000703c00000|100%| O|  |TAMS 0x0000000703c00000, 0x0000000703a00000| Untracked 
|   7|0x0000000703c00000, 0x0000000703e00000, 0x0000000703e00000|100%| O|  |TAMS 0x0000000703c00000, 0x0000000703c00000| Untracked 
|   8|0x0000000703e00000, 0x0000000704000000, 0x0000000704000000|100%| O|  |TAMS 0x0000000703e00000, 0x0000000703e00000| Untracked 
|   9|0x0000000704000000, 0x0000000704200000, 0x0000000704200000|100%| O|  |TAMS 0x0000000704000000, 0x0000000704000000| Untracked 
|  10|0x0000000704200000, 0x0000000704400000, 0x0000000704400000|100%| O|  |TAMS 0x0000000704200000, 0x0000000704200000| Untracked 
|  11|0x0000000704400000, 0x0000000704600000, 0x0000000704600000|100%| O|  |TAMS 0x0000000704600000, 0x0000000704400000| Untracked 
|  12|0x0000000704600000, 0x0000000704800000, 0x0000000704800000|100%| O|  |TAMS 0x0000000704600000, 0x0000000704600000| Untracked 
|  13|0x0000000704800000, 0x0000000704a00000, 0x0000000704a00000|100%| O|  |TAMS 0x0000000704800000, 0x0000000704800000| Untracked 
|  14|0x0000000704a00000, 0x0000000704c00000, 0x0000000704c00000|100%| O|  |TAMS 0x0000000704a00000, 0x0000000704a00000| Untracked 
|  15|0x0000000704c00000, 0x0000000704c68a00, 0x0000000704e00000| 20%| O|  |TAMS 0x0000000704c00000, 0x0000000704c00000| Untracked 
|  16|0x0000000704e00000, 0x0000000704e00000, 0x0000000705000000|  0%| F|  |TAMS 0x0000000704e00000, 0x0000000704e00000| Untracked 
|  17|0x0000000705000000, 0x0000000705000000, 0x0000000705200000|  0%| F|  |TAMS 0x0000000705000000, 0x0000000705000000| Untracked 
|  18|0x0000000705200000, 0x0000000705200000, 0x0000000705400000|  0%| F|  |TAMS 0x0000000705200000, 0x0000000705200000| Untracked 
|  19|0x0000000705400000, 0x0000000705400000, 0x0000000705600000|  0%| F|  |TAMS 0x0000000705400000, 0x0000000705400000| Untracked 
|  20|0x0000000705600000, 0x0000000705600000, 0x0000000705800000|  0%| F|  |TAMS 0x0000000705600000, 0x0000000705600000| Untracked 
|  21|0x0000000705800000, 0x0000000705800000, 0x0000000705a00000|  0%| F|  |TAMS 0x0000000705800000, 0x0000000705800000| Untracked 
|  22|0x0000000705a00000, 0x0000000705a00000, 0x0000000705c00000|  0%| F|  |TAMS 0x0000000705a00000, 0x0000000705a00000| Untracked 
|  23|0x0000000705c00000, 0x0000000705c00000, 0x0000000705e00000|  0%| F|  |TAMS 0x0000000705c00000, 0x0000000705c00000| Untracked 
|  24|0x0000000705e00000, 0x0000000705e00000, 0x0000000706000000|  0%| F|  |TAMS 0x0000000705e00000, 0x0000000705e00000| Untracked 
|  25|0x0000000706000000, 0x0000000706000000, 0x0000000706200000|  0%| F|  |TAMS 0x0000000706000000, 0x0000000706000000| Untracked 
|  26|0x0000000706200000, 0x0000000706200000, 0x0000000706400000|  0%| F|  |TAMS 0x0000000706200000, 0x0000000706200000| Untracked 
|  27|0x0000000706400000, 0x0000000706400000, 0x0000000706600000|  0%| F|  |TAMS 0x0000000706400000, 0x0000000706400000| Untracked 
|  28|0x0000000706600000, 0x0000000706600000, 0x0000000706800000|  0%| F|  |TAMS 0x0000000706600000, 0x0000000706600000| Untracked 
|  29|0x0000000706800000, 0x0000000706800000, 0x0000000706a00000|  0%| F|  |TAMS 0x0000000706800000, 0x0000000706800000| Untracked 
|  30|0x0000000706a00000, 0x0000000706a00000, 0x0000000706c00000|  0%| F|  |TAMS 0x0000000706a00000, 0x0000000706a00000| Untracked 
|  31|0x0000000706c00000, 0x0000000706c00000, 0x0000000706e00000|  0%| F|  |TAMS 0x0000000706c00000, 0x0000000706c00000| Untracked 
|  32|0x0000000706e00000, 0x0000000706e00000, 0x0000000707000000|  0%| F|  |TAMS 0x0000000706e00000, 0x0000000706e00000| Untracked 
|  33|0x0000000707000000, 0x0000000707000000, 0x0000000707200000|  0%| F|  |TAMS 0x0000000707000000, 0x0000000707000000| Untracked 
|  34|0x0000000707200000, 0x0000000707200000, 0x0000000707400000|  0%| F|  |TAMS 0x0000000707200000, 0x0000000707200000| Untracked 
|  35|0x0000000707400000, 0x0000000707600000, 0x0000000707600000|100%| E|  |TAMS 0x0000000707400000, 0x0000000707400000| Complete 
|  36|0x0000000707600000, 0x0000000707800000, 0x0000000707800000|100%| E|CS|TAMS 0x0000000707600000, 0x0000000707600000| Complete 
|  37|0x0000000707800000, 0x0000000707a00000, 0x0000000707a00000|100%| E|CS|TAMS 0x0000000707800000, 0x0000000707800000| Complete 
|  38|0x0000000707a00000, 0x0000000707c00000, 0x0000000707c00000|100%| E|CS|TAMS 0x0000000707a00000, 0x0000000707a00000| Complete 
|  39|0x0000000707c00000, 0x0000000707cdf2e0, 0x0000000707e00000| 43%| S|CS|TAMS 0x0000000707c00000, 0x0000000707c00000| Complete 
|  40|0x0000000707e00000, 0x0000000708000000, 0x0000000708000000|100%| S|CS|TAMS 0x0000000707e00000, 0x0000000707e00000| Complete 
|  41|0x0000000708000000, 0x0000000708200000, 0x0000000708200000|100%| S|CS|TAMS 0x0000000708000000, 0x0000000708000000| Complete 
|  42|0x0000000708200000, 0x0000000708400000, 0x0000000708400000|100%| E|CS|TAMS 0x0000000708200000, 0x0000000708200000| Complete 
|  43|0x0000000708400000, 0x0000000708600000, 0x0000000708600000|100%| E|CS|TAMS 0x0000000708400000, 0x0000000708400000| Complete 
|  44|0x0000000708600000, 0x0000000708800000, 0x0000000708800000|100%| E|CS|TAMS 0x0000000708600000, 0x0000000708600000| Complete 
|  45|0x0000000708800000, 0x0000000708a00000, 0x0000000708a00000|100%| E|CS|TAMS 0x0000000708800000, 0x0000000708800000| Complete 
|  46|0x0000000708a00000, 0x0000000708c00000, 0x0000000708c00000|100%| E|CS|TAMS 0x0000000708a00000, 0x0000000708a00000| Complete 
|  47|0x0000000708c00000, 0x0000000708e00000, 0x0000000708e00000|100%| E|CS|TAMS 0x0000000708c00000, 0x0000000708c00000| Complete 
|  48|0x0000000708e00000, 0x0000000709000000, 0x0000000709000000|100%| E|CS|TAMS 0x0000000708e00000, 0x0000000708e00000| Complete 
|  49|0x0000000709000000, 0x0000000709200000, 0x0000000709200000|100%| E|CS|TAMS 0x0000000709000000, 0x0000000709000000| Complete 
|  50|0x0000000709200000, 0x0000000709400000, 0x0000000709400000|100%| E|CS|TAMS 0x0000000709200000, 0x0000000709200000| Complete 
|  51|0x0000000709400000, 0x0000000709600000, 0x0000000709600000|100%| E|CS|TAMS 0x0000000709400000, 0x0000000709400000| Complete 
|  52|0x0000000709600000, 0x0000000709800000, 0x0000000709800000|100%| E|CS|TAMS 0x0000000709600000, 0x0000000709600000| Complete 
|  53|0x0000000709800000, 0x0000000709a00000, 0x0000000709a00000|100%| E|CS|TAMS 0x0000000709800000, 0x0000000709800000| Complete 
|  54|0x0000000709a00000, 0x0000000709c00000, 0x0000000709c00000|100%| E|CS|TAMS 0x0000000709a00000, 0x0000000709a00000| Complete 
|  55|0x0000000709c00000, 0x0000000709e00000, 0x0000000709e00000|100%| E|CS|TAMS 0x0000000709c00000, 0x0000000709c00000| Complete 
|  56|0x0000000709e00000, 0x000000070a000000, 0x000000070a000000|100%| E|CS|TAMS 0x0000000709e00000, 0x0000000709e00000| Complete 
|  57|0x000000070a000000, 0x000000070a200000, 0x000000070a200000|100%| E|CS|TAMS 0x000000070a000000, 0x000000070a000000| Complete 
|  58|0x000000070a200000, 0x000000070a400000, 0x000000070a400000|100%| E|CS|TAMS 0x000000070a200000, 0x000000070a200000| Complete 
|  59|0x000000070a400000, 0x000000070a600000, 0x000000070a600000|100%| E|CS|TAMS 0x000000070a400000, 0x000000070a400000| Complete 
|  60|0x000000070a600000, 0x000000070a800000, 0x000000070a800000|100%| E|CS|TAMS 0x000000070a600000, 0x000000070a600000| Complete 
|  61|0x000000070a800000, 0x000000070aa00000, 0x000000070aa00000|100%| E|CS|TAMS 0x000000070a800000, 0x000000070a800000| Complete 
|  62|0x000000070aa00000, 0x000000070ac00000, 0x000000070ac00000|100%| E|CS|TAMS 0x000000070aa00000, 0x000000070aa00000| Complete 
|  63|0x000000070ac00000, 0x000000070ae00000, 0x000000070ae00000|100%| E|CS|TAMS 0x000000070ac00000, 0x000000070ac00000| Complete 
|  64|0x000000070ae00000, 0x000000070b000000, 0x000000070b000000|100%| E|CS|TAMS 0x000000070ae00000, 0x000000070ae00000| Complete 
|  65|0x000000070b000000, 0x000000070b200000, 0x000000070b200000|100%| E|CS|TAMS 0x000000070b000000, 0x000000070b000000| Complete 
|  66|0x000000070b200000, 0x000000070b400000, 0x000000070b400000|100%| E|CS|TAMS 0x000000070b200000, 0x000000070b200000| Complete 
|  67|0x000000070b400000, 0x000000070b600000, 0x000000070b600000|100%| E|CS|TAMS 0x000000070b400000, 0x000000070b400000| Complete 
|  68|0x000000070b600000, 0x000000070b800000, 0x000000070b800000|100%| E|CS|TAMS 0x000000070b600000, 0x000000070b600000| Complete 
|  69|0x000000070b800000, 0x000000070ba00000, 0x000000070ba00000|100%| E|CS|TAMS 0x000000070b800000, 0x000000070b800000| Complete 
|  70|0x000000070ba00000, 0x000000070bc00000, 0x000000070bc00000|100%| E|CS|TAMS 0x000000070ba00000, 0x000000070ba00000| Complete 
|  71|0x000000070bc00000, 0x000000070be00000, 0x000000070be00000|100%| E|CS|TAMS 0x000000070bc00000, 0x000000070bc00000| Complete 
|  72|0x000000070be00000, 0x000000070c000000, 0x000000070c000000|100%| E|CS|TAMS 0x000000070be00000, 0x000000070be00000| Complete 
|  73|0x000000070c000000, 0x000000070c200000, 0x000000070c200000|100%| E|CS|TAMS 0x000000070c000000, 0x000000070c000000| Complete 
|  74|0x000000070c200000, 0x000000070c400000, 0x000000070c400000|100%| E|CS|TAMS 0x000000070c200000, 0x000000070c200000| Complete 
|  75|0x000000070c400000, 0x000000070c600000, 0x000000070c600000|100%| E|CS|TAMS 0x000000070c400000, 0x000000070c400000| Complete 
|  76|0x000000070c600000, 0x000000070c800000, 0x000000070c800000|100%| E|CS|TAMS 0x000000070c600000, 0x000000070c600000| Complete 
|  77|0x000000070c800000, 0x000000070ca00000, 0x000000070ca00000|100%| E|CS|TAMS 0x000000070c800000, 0x000000070c800000| Complete 
|  78|0x000000070ca00000, 0x000000070cc00000, 0x000000070cc00000|100%| E|  |TAMS 0x000000070ca00000, 0x000000070ca00000| Complete 
|  79|0x000000070cc00000, 0x000000070ce00000, 0x000000070ce00000|100%| E|CS|TAMS 0x000000070cc00000, 0x000000070cc00000| Complete 
|  80|0x000000070ce00000, 0x000000070d000000, 0x000000070d000000|100%| E|CS|TAMS 0x000000070ce00000, 0x000000070ce00000| Complete 
|  81|0x000000070d000000, 0x000000070d200000, 0x000000070d200000|100%| E|CS|TAMS 0x000000070d000000, 0x000000070d000000| Complete 
|  82|0x000000070d200000, 0x000000070d400000, 0x000000070d400000|100%| E|CS|TAMS 0x000000070d200000, 0x000000070d200000| Complete 
|  83|0x000000070d400000, 0x000000070d600000, 0x000000070d600000|100%| E|CS|TAMS 0x000000070d400000, 0x000000070d400000| Complete 
|  84|0x000000070d600000, 0x000000070d800000, 0x000000070d800000|100%| E|CS|TAMS 0x000000070d600000, 0x000000070d600000| Complete 
| 126|0x0000000712a00000, 0x0000000712c00000, 0x0000000712c00000|100%| E|CS|TAMS 0x0000000712a00000, 0x0000000712a00000| Complete 

Card table byte_map: [0x0000024536310000,0x0000024536b00000] _byte_map_base: 0x0000024532af9000

Marking Bits (Prev, Next): (CMBitMap*) 0x0000024522f84100, (CMBitMap*) 0x0000024522f840c0
 Prev Bits: [0x000002453b240000, 0x000002453f188000)
 Next Bits: [0x00000245372f0000, 0x000002453b238000)

Polling page: 0x0000024520eb0000

Metaspace:

Usage:
  Non-class:     64.12 MB used.
      Class:      9.35 MB used.
       Both:     73.47 MB used.

Virtual space:
  Non-class space:       72.00 MB reserved,      64.38 MB ( 89%) committed,  9 nodes.
      Class space:        1.00 GB reserved,       9.56 MB ( <1%) committed,  1 nodes.
             Both:        1.07 GB reserved,      73.94 MB (  7%) committed. 

Chunk freelists:
   Non-Class:  2.97 MB
       Class:  2.30 MB
        Both:  5.27 MB

MaxMetaspaceSize: unlimited
CompressedClassSpaceSize: 1.00 GB
Initial GC threshold: 21.00 MB
Current GC threshold: 98.12 MB
CDS: off
MetaspaceReclaimPolicy: balanced
 - commit_granule_bytes: 65536.
 - commit_granule_words: 8192.
 - virtual_space_node_default_size: 1048576.
 - enlarge_chunks_in_place: 1.
 - new_chunks_are_fully_committed: 0.
 - uncommit_free_chunks: 1.
 - use_allocation_guard: 0.
 - handle_deallocations: 1.


Internal statistics:

num_allocs_failed_limit: 9.
num_arena_births: 586.
num_arena_deaths: 0.
num_vsnodes_births: 10.
num_vsnodes_deaths: 0.
num_space_committed: 1183.
num_space_uncommitted: 0.
num_chunks_returned_to_freelist: 9.
num_chunks_taken_from_freelist: 3062.
num_chunk_merges: 9.
num_chunk_splits: 2127.
num_chunks_enlarged: 1658.
num_purges: 0.
num_inconsistent_stats: 0.

CodeHeap 'non-profiled nmethods': size=120000Kb used=4390Kb max_used=4698Kb free=115609Kb
 bounds [0x000002452e0a0000, 0x000002452e550000, 0x00000245355d0000]
CodeHeap 'profiled nmethods': size=120000Kb used=11558Kb max_used=13206Kb free=108441Kb
 bounds [0x0000024526b70000, 0x0000024527860000, 0x000002452e0a0000]
CodeHeap 'non-nmethods': size=5760Kb used=1382Kb max_used=1559Kb free=4377Kb
 bounds [0x00000245265d0000, 0x0000024526840000, 0x0000024526b70000]
 total_blobs=6414 nmethods=5770 adapters=556
 compilation: enabled
              stopped_count=0, restarted_count=0
 full_count=0

Compilation events (20 events):
Event: 6.703 Thread 0x000002454287f6b0 6942       4       java.util.stream.Streams$ConcatSpliterator::characteristics (56 bytes)
Event: 6.703 Thread 0x000002454287f6b0 nmethod 6942 0x000002452e199b10 code [0x000002452e199ca0, 0x000002452e199db8]
Event: 6.703 Thread 0x000002454287f6b0 6871       4       jdk.internal.loader.Resource::getByteBuffer (24 bytes)
Event: 6.704 Thread 0x00000245436853f0 nmethod 6880 0x000002452e293310 code [0x000002452e2934e0, 0x000002452e293ba8]
Event: 6.704 Thread 0x00000245436853f0 6872       4       java.security.SecureClassLoader::defineClass (16 bytes)
Event: 6.707 Thread 0x000002454287f6b0 nmethod 6871 0x000002452e2d1510 code [0x000002452e2d16c0, 0x000002452e2d1e78]
Event: 6.707 Thread 0x000002454287f6b0 6667       4       java.lang.ThreadLocal::get (38 bytes)
Event: 6.710 Thread 0x000002454287f6b0 nmethod 6667 0x000002452e202490 code [0x000002452e202640, 0x000002452e2029c8]
Event: 6.710 Thread 0x000002454287f6b0 6885       4       java.util.Spliterators$ArraySpliterator::tryAdvance (58 bytes)
Event: 6.711 Thread 0x000002454287f6b0 nmethod 6885 0x000002452e202090 code [0x000002452e202220, 0x000002452e202378]
Event: 6.711 Thread 0x000002454287f6b0 6869       4       jdk.internal.org.objectweb.asm.AnnotationWriter::computeAnnotationsSize (66 bytes)
Event: 6.712 Thread 0x000002454287f6b0 nmethod 6869 0x000002452e201c90 code [0x000002452e201e20, 0x000002452e201f28]
Event: 6.712 Thread 0x000002454287f6b0 6870       4       jdk.internal.org.objectweb.asm.Attribute::putAttributes (78 bytes)
Event: 6.712 Thread 0x000002454287f6b0 nmethod 6870 0x000002452e201990 code [0x000002452e201b00, 0x000002452e201bd8]
Event: 6.712 Thread 0x000002454287f6b0 6911       4       java.lang.PublicMethods::merge (81 bytes)
Event: 6.738 Thread 0x0000024542bf8da0 nmethod 6898 0x000002452e49d790 code [0x000002452e49dc80, 0x000002452e4a1c90]
Event: 6.739 Thread 0x000002454287f6b0 nmethod 6911 0x000002452e30f210 code [0x000002452e30f460, 0x000002452e310e70]
Event: 6.743 Thread 0x00000245436853f0 nmethod 6872 0x000002452e445090 code [0x000002452e445320, 0x000002452e447350]
Event: 93.504 Thread 0x000002454287ffb0 6944       3       java.util.concurrent.atomic.AtomicIntegerFieldUpdater$AtomicIntegerFieldUpdaterImpl::accessCheck (17 bytes)
Event: 93.504 Thread 0x000002454287ffb0 nmethod 6944 0x0000024527213a10 code [0x0000024527213bc0, 0x0000024527213d88]

GC Heap History (20 events):
Event: 2.777 GC heap before
{Heap before GC invocations=13 (full 0):
 garbage-first heap   total 69632K, used 53099K [0x0000000702e00000, 0x0000000800000000)
  region size 2048K, 19 young (38912K), 1 survivors (2048K)
 Metaspace       used 41013K, committed 41344K, reserved 1089536K
  class space    used 4933K, committed 5056K, reserved 1048576K
}
Event: 2.780 GC heap after
{Heap after GC invocations=14 (full 0):
 garbage-first heap   total 102400K, used 18254K [0x0000000702e00000, 0x0000000800000000)
  region size 2048K, 2 young (4096K), 2 survivors (4096K)
 Metaspace       used 41013K, committed 41344K, reserved 1089536K
  class space    used 4933K, committed 5056K, reserved 1048576K
}
Event: 3.231 GC heap before
{Heap before GC invocations=14 (full 0):
 garbage-first heap   total 102400K, used 73550K [0x0000000702e00000, 0x0000000800000000)
  region size 2048K, 30 young (61440K), 2 survivors (4096K)
 Metaspace       used 46669K, committed 46976K, reserved 1097728K
  class space    used 5817K, committed 5952K, reserved 1048576K
}
Event: 3.234 GC heap after
{Heap after GC invocations=15 (full 0):
 garbage-first heap   total 102400K, used 19200K [0x0000000702e00000, 0x0000000800000000)
  region size 2048K, 2 young (4096K), 2 survivors (4096K)
 Metaspace       used 46669K, committed 46976K, reserved 1097728K
  class space    used 5817K, committed 5952K, reserved 1048576K
}
Event: 3.581 GC heap before
{Heap before GC invocations=15 (full 0):
 garbage-first heap   total 102400K, used 76544K [0x0000000702e00000, 0x0000000800000000)
  region size 2048K, 30 young (61440K), 2 survivors (4096K)
 Metaspace       used 52440K, committed 52736K, reserved 1097728K
  class space    used 6500K, committed 6656K, reserved 1048576K
}
Event: 3.585 GC heap after
{Heap after GC invocations=16 (full 0):
 garbage-first heap   total 102400K, used 21105K [0x0000000702e00000, 0x0000000800000000)
  region size 2048K, 3 young (6144K), 3 survivors (6144K)
 Metaspace       used 52440K, committed 52736K, reserved 1097728K
  class space    used 6500K, committed 6656K, reserved 1048576K
}
Event: 3.981 GC heap before
{Heap before GC invocations=16 (full 0):
 garbage-first heap   total 102400K, used 76401K [0x0000000702e00000, 0x0000000800000000)
  region size 2048K, 30 young (61440K), 3 survivors (6144K)
 Metaspace       used 57629K, committed 57920K, reserved 1105920K
  class space    used 7276K, committed 7424K, reserved 1048576K
}
Event: 3.985 GC heap after
{Heap after GC invocations=17 (full 0):
 garbage-first heap   total 102400K, used 21985K [0x0000000702e00000, 0x0000000800000000)
  region size 2048K, 2 young (4096K), 2 survivors (4096K)
 Metaspace       used 57629K, committed 57920K, reserved 1105920K
  class space    used 7276K, committed 7424K, reserved 1048576K
}
Event: 4.201 GC heap before
{Heap before GC invocations=17 (full 0):
 garbage-first heap   total 102400K, used 52705K [0x0000000702e00000, 0x0000000800000000)
  region size 2048K, 18 young (36864K), 2 survivors (4096K)
 Metaspace       used 59846K, committed 60160K, reserved 1105920K
  class space    used 7566K, committed 7744K, reserved 1048576K
}
Event: 4.204 GC heap after
{Heap after GC invocations=18 (full 0):
 garbage-first heap   total 102400K, used 22349K [0x0000000702e00000, 0x0000000800000000)
  region size 2048K, 3 young (6144K), 3 survivors (6144K)
 Metaspace       used 59846K, committed 60160K, reserved 1105920K
  class space    used 7566K, committed 7744K, reserved 1048576K
}
Event: 4.539 GC heap before
{Heap before GC invocations=19 (full 0):
 garbage-first heap   total 90112K, used 69453K [0x0000000702e00000, 0x0000000800000000)
  region size 2048K, 26 young (53248K), 3 survivors (6144K)
 Metaspace       used 63429K, committed 63808K, reserved 1105920K
  class space    used 8060K, committed 8256K, reserved 1048576K
}
Event: 4.543 GC heap after
{Heap after GC invocations=20 (full 0):
 garbage-first heap   total 90112K, used 24083K [0x0000000702e00000, 0x0000000800000000)
  region size 2048K, 3 young (6144K), 3 survivors (6144K)
 Metaspace       used 63429K, committed 63808K, reserved 1105920K
  class space    used 8060K, committed 8256K, reserved 1048576K
}
Event: 4.554 GC heap before
{Heap before GC invocations=20 (full 0):
 garbage-first heap   total 90112K, used 26131K [0x0000000702e00000, 0x0000000800000000)
  region size 2048K, 4 young (8192K), 3 survivors (6144K)
 Metaspace       used 63570K, committed 63936K, reserved 1105920K
  class space    used 8067K, committed 8256K, reserved 1048576K
}
Event: 4.559 GC heap after
{Heap after GC invocations=21 (full 0):
 garbage-first heap   total 90112K, used 24295K [0x0000000702e00000, 0x0000000800000000)
  region size 2048K, 1 young (2048K), 1 survivors (2048K)
 Metaspace       used 63570K, committed 63936K, reserved 1105920K
  class space    used 8067K, committed 8256K, reserved 1048576K
}
Event: 4.993 GC heap before
{Heap before GC invocations=21 (full 0):
 garbage-first heap   total 90112K, used 71399K [0x0000000702e00000, 0x0000000800000000)
  region size 2048K, 24 young (49152K), 1 survivors (2048K)
 Metaspace       used 65719K, committed 66048K, reserved 1114112K
  class space    used 8350K, committed 8512K, reserved 1048576K
}
Event: 4.997 GC heap after
{Heap after GC invocations=22 (full 0):
 garbage-first heap   total 176128K, used 27243K [0x0000000702e00000, 0x0000000800000000)
  region size 2048K, 2 young (4096K), 2 survivors (4096K)
 Metaspace       used 65719K, committed 66048K, reserved 1114112K
  class space    used 8350K, committed 8512K, reserved 1048576K
}
Event: 5.723 GC heap before
{Heap before GC invocations=22 (full 0):
 garbage-first heap   total 176128K, used 127595K [0x0000000702e00000, 0x0000000800000000)
  region size 2048K, 51 young (104448K), 2 survivors (4096K)
 Metaspace       used 70082K, committed 70528K, reserved 1114112K
  class space    used 8874K, committed 9088K, reserved 1048576K
}
Event: 5.730 GC heap after
{Heap after GC invocations=23 (full 0):
 garbage-first heap   total 176128K, used 37135K [0x0000000702e00000, 0x0000000800000000)
  region size 2048K, 7 young (14336K), 7 survivors (14336K)
 Metaspace       used 70082K, committed 70528K, reserved 1114112K
  class space    used 8874K, committed 9088K, reserved 1048576K
}
Event: 5.912 GC heap before
{Heap before GC invocations=23 (full 0):
 garbage-first heap   total 176128K, used 125199K [0x0000000702e00000, 0x0000000800000000)
  region size 2048K, 51 young (104448K), 7 survivors (14336K)
 Metaspace       used 70369K, committed 70848K, reserved 1114112K
  class space    used 8888K, committed 9088K, reserved 1048576K
}
Event: 5.918 GC heap after
{Heap after GC invocations=24 (full 0):
 garbage-first heap   total 176128K, used 36127K [0x0000000702e00000, 0x0000000800000000)
  region size 2048K, 3 young (6144K), 3 survivors (6144K)
 Metaspace       used 70369K, committed 70848K, reserved 1114112K
  class space    used 8888K, committed 9088K, reserved 1048576K
}

Deoptimization events (20 events):
Event: 6.673 Thread 0x0000024522f35270 DEOPT PACKING pc=0x000002452e0d4158 sp=0x0000009fafdf8e60
Event: 6.673 Thread 0x0000024522f35270 DEOPT UNPACKING pc=0x0000024526622b43 sp=0x0000009fafdf82f0 mode 1
Event: 6.673 Thread 0x0000024522f35270 Uncommon trap: trap_request=0xffffff97 fr.pc=0x000002452e21eb0c relative=0x000000000000014c
Event: 6.673 Thread 0x0000024522f35270 Uncommon trap: reason=unhandled action=none pc=0x000002452e21eb0c method=jdk.internal.loader.BuiltinClassLoader.loadClass(Ljava/lang/String;Z)Ljava/lang/Class; @ 19 c2
Event: 6.673 Thread 0x0000024522f35270 DEOPT PACKING pc=0x000002452e21eb0c sp=0x0000009fafdf8470
Event: 6.673 Thread 0x0000024522f35270 DEOPT UNPACKING pc=0x00000245266223a3 sp=0x0000009fafdf8338 mode 2
Event: 6.673 Thread 0x0000024522f35270 DEOPT PACKING pc=0x000002452e0d4158 sp=0x0000009fafdf8e60
Event: 6.673 Thread 0x0000024522f35270 DEOPT UNPACKING pc=0x0000024526622b43 sp=0x0000009fafdf82f0 mode 1
Event: 6.674 Thread 0x0000024522f35270 Uncommon trap: trap_request=0xffffff97 fr.pc=0x000002452e21eb0c relative=0x000000000000014c
Event: 6.674 Thread 0x0000024522f35270 Uncommon trap: reason=unhandled action=none pc=0x000002452e21eb0c method=jdk.internal.loader.BuiltinClassLoader.loadClass(Ljava/lang/String;Z)Ljava/lang/Class; @ 19 c2
Event: 6.674 Thread 0x0000024522f35270 DEOPT PACKING pc=0x000002452e21eb0c sp=0x0000009fafdf8790
Event: 6.674 Thread 0x0000024522f35270 DEOPT UNPACKING pc=0x00000245266223a3 sp=0x0000009fafdf8658 mode 2
Event: 6.674 Thread 0x0000024522f35270 DEOPT PACKING pc=0x000002452e0d4158 sp=0x0000009fafdf9180
Event: 6.674 Thread 0x0000024522f35270 DEOPT UNPACKING pc=0x0000024526622b43 sp=0x0000009fafdf8610 mode 1
Event: 6.674 Thread 0x0000024522f35270 Uncommon trap: trap_request=0xffffff97 fr.pc=0x000002452e21eb0c relative=0x000000000000014c
Event: 6.674 Thread 0x0000024522f35270 Uncommon trap: reason=unhandled action=none pc=0x000002452e21eb0c method=jdk.internal.loader.BuiltinClassLoader.loadClass(Ljava/lang/String;Z)Ljava/lang/Class; @ 19 c2
Event: 6.674 Thread 0x0000024522f35270 DEOPT PACKING pc=0x000002452e21eb0c sp=0x0000009fafdf8790
Event: 6.674 Thread 0x0000024522f35270 DEOPT UNPACKING pc=0x00000245266223a3 sp=0x0000009fafdf8658 mode 2
Event: 6.674 Thread 0x0000024522f35270 DEOPT PACKING pc=0x000002452e0d4158 sp=0x0000009fafdf9180
Event: 6.674 Thread 0x0000024522f35270 DEOPT UNPACKING pc=0x0000024526622b43 sp=0x0000009fafdf8610 mode 1

Classes unloaded (0 events):
No events

Classes redefined (1 events):
Event: 115.579 Thread 0x0000024542834400 redefined class name=ca.csfoy.servicesweb.camarchedoc.controller.validation.EventCustomValidator, count=1

Internal exceptions (20 events):
Event: 6.294 Thread 0x0000024522f35270 Exception <a 'java/lang/ClassNotFoundException'{0x000000070a4c6e58}: org/springframework/boot/test/autoconfigure/web/servlet/MockMvcBuilderCustomizerCustomizer> (0x000000070a4c6e58) 
thrown [e:\jenkins\tmp\workspace\build\src\src\hotspot\share\classfile\systemDictionary.cpp, line 256]
Event: 6.305 Thread 0x0000024522f35270 Exception <a 'java/lang/ClassNotFoundException'{0x000000070a5b8910}: java/lang/ObjectCustomizer> (0x000000070a5b8910) 
thrown [e:\jenkins\tmp\workspace\build\src\src\hotspot\share\classfile\systemDictionary.cpp, line 256]
Event: 6.306 Thread 0x0000024522f35270 Exception <a 'java/lang/ClassNotFoundException'{0x000000070a5c36b0}: org/springframework/test/web/servlet/MockMvcBuilderSupportCustomizer> (0x000000070a5c36b0) 
thrown [e:\jenkins\tmp\workspace\build\src\src\hotspot\share\classfile\systemDictionary.cpp, line 256]
Event: 6.307 Thread 0x0000024522f35270 Exception <a 'java/lang/ClassNotFoundException'{0x000000070a5cc380}: org/springframework/test/web/servlet/setup/AbstractMockMvcBuilderCustomizer> (0x000000070a5cc380) 
thrown [e:\jenkins\tmp\workspace\build\src\src\hotspot\share\classfile\systemDictionary.cpp, line 256]
Event: 6.308 Thread 0x0000024522f35270 Exception <a 'java/lang/ClassNotFoundException'{0x000000070a5e97c0}: org/springframework/test/web/servlet/setup/DefaultMockMvcBuilderCustomizer> (0x000000070a5e97c0) 
thrown [e:\jenkins\tmp\workspace\build\src\src\hotspot\share\classfile\systemDictionary.cpp, line 256]
Event: 6.309 Thread 0x0000024522f35270 Exception <a 'java/lang/ClassNotFoundException'{0x000000070a5f52b8}: org/springframework/test/web/servlet/setup/ConfigurableMockMvcBuilderCustomizer> (0x000000070a5f52b8) 
thrown [e:\jenkins\tmp\workspace\build\src\src\hotspot\share\classfile\systemDictionary.cpp, line 256]
Event: 6.310 Thread 0x0000024522f35270 Exception <a 'java/lang/ClassNotFoundException'{0x000000070a206f78}: org/springframework/test/web/servlet/MockMvcBuilderCustomizer> (0x000000070a206f78) 
thrown [e:\jenkins\tmp\workspace\build\src\src\hotspot\share\classfile\systemDictionary.cpp, line 256]
Event: 6.316 Thread 0x0000024522f35270 Exception <a 'java/lang/ClassNotFoundException'{0x000000070a27d170}: java/lang/ObjectCustomizer> (0x000000070a27d170) 
thrown [e:\jenkins\tmp\workspace\build\src\src\hotspot\share\classfile\systemDictionary.cpp, line 256]
Event: 6.316 Thread 0x0000024522f35270 Exception <a 'java/lang/ClassNotFoundException'{0x000000070a287a80}: org/springframework/test/web/servlet/MockMvcCustomizer> (0x000000070a287a80) 
thrown [e:\jenkins\tmp\workspace\build\src\src\hotspot\share\classfile\systemDictionary.cpp, line 256]
Event: 6.362 Thread 0x0000024522f35270 Exception <a 'java/lang/ClassNotFoundException'{0x000000070a0f3c20}: java/lang/ObjectCustomizer> (0x000000070a0f3c20) 
thrown [e:\jenkins\tmp\workspace\build\src\src\hotspot\share\classfile\systemDictionary.cpp, line 256]
Event: 6.362 Thread 0x0000024522f35270 Exception <a 'java/lang/ClassNotFoundException'{0x000000070a0fe0c8}: ca/csfoy/servicesweb/camarchedoc/api/EventResourceTestCustomizer> (0x000000070a0fe0c8) 
thrown [e:\jenkins\tmp\workspace\build\src\src\hotspot\share\classfile\systemDictionary.cpp, line 256]
Event: 6.370 Thread 0x0000024522f35270 Exception <a 'java/lang/NoSuchMethodError'{0x000000070a164a28}: 'java.lang.Object java.lang.invoke.DirectMethodHandle$Holder.newInvokeSpecial(java.lang.Object, java.lang.Object, java.lang.Object, java.lang.Object, int)'> (0x000000070a164a28) 
thrown [e:\jenkins\tmp\workspace\build\src\src\hotspot\share\interpreter\linkResolver.cpp, line 766]
Event: 6.370 Thread 0x0000024522f35270 Exception <a 'java/lang/NoSuchMethodError'{0x000000070a168f10}: 'java.lang.Object java.lang.invoke.DirectMethodHandle$Holder.invokeSpecial(java.lang.Object, java.lang.Object, java.lang.Object, java.lang.Object, java.lang.Object, int)'> (0x000000070a168f10) 
thrown [e:\jenkins\tmp\workspace\build\src\src\hotspot\share\interpreter\linkResolver.cpp, line 766]
Event: 6.370 Thread 0x0000024522f35270 Exception <a 'java/lang/NoSuchMethodError'{0x000000070a16cca0}: 'java.lang.Object java.lang.invoke.Invokers$Holder.linkToTargetMethod(java.lang.Object, java.lang.Object, java.lang.Object, int, java.lang.Object)'> (0x000000070a16cca0) 
thrown [e:\jenkins\tmp\workspace\build\src\src\hotspot\share\interpreter\linkResolver.cpp, line 766]
Event: 6.474 Thread 0x0000024522f35270 Implicit null exception at 0x000002452e2b9a65 to 0x000002452e2b9ff4
Event: 6.502 Thread 0x0000024522f35270 Implicit null exception at 0x000002452e21f7c0 to 0x000002452e220814
Event: 6.502 Thread 0x0000024522f35270 Exception <a 'java/lang/ClassNotFoundException'{0x000000070901cc28}: java/lang/ClassLoader$ByteBuddyAccessor$2NNPsV0m> (0x000000070901cc28) 
thrown [e:\jenkins\tmp\workspace\build\src\src\hotspot\share\classfile\systemDictionary.cpp, line 256]
Event: 6.641 Thread 0x0000024522f35270 Exception <a 'java/lang/ClassNotFoundException'{0x0000000707843670}: java/lang/ObjectCustomizer> (0x0000000707843670) 
thrown [e:\jenkins\tmp\workspace\build\src\src\hotspot\share\classfile\systemDictionary.cpp, line 256]
Event: 6.642 Thread 0x0000024522f35270 Exception <a 'java/lang/ClassNotFoundException'{0x000000070784f298}: ca/csfoy/servicesweb/camarchedoc/controller/validation/EventCustomValidatorCustomizer> (0x000000070784f298) 
thrown [e:\jenkins\tmp\workspace\build\src\src\hotspot\share\classfile\systemDictionary.cpp, line 256]
Event: 6.642 Thread 0x0000024522f35270 Exception <a 'java/lang/ClassNotFoundException'{0x000000070785d150}: ca/csfoy/servicesweb/camarchedoc/controller/validation/CustomValidatorCustomizer> (0x000000070785d150) 
thrown [e:\jenkins\tmp\workspace\build\src\src\hotspot\share\classfile\systemDictionary.cpp, line 256]

VM Operations (20 events):
Event: 72.216 Executing VM operation: get/set locals
Event: 72.216 Executing VM operation: get/set locals done
Event: 72.222 Executing VM operation: get/set locals
Event: 72.222 Executing VM operation: get/set locals done
Event: 72.222 Executing VM operation: get/set locals
Event: 72.222 Executing VM operation: get/set locals done
Event: 115.559 Executing VM operation: ChangeSingleStep
Event: 115.559 Executing VM operation: ChangeSingleStep done
Event: 115.560 Executing VM operation: ChangeSingleStep
Event: 115.560 Executing VM operation: ChangeSingleStep done
Event: 115.570 Executing VM operation: RedefineClasses
Event: 115.594 Executing VM operation: RedefineClasses done
Event: 115.604 Executing VM operation: ChangeBreakpoints
Event: 115.605 Executing VM operation: ChangeBreakpoints done
Event: 115.607 Executing VM operation: ChangeSingleStep
Event: 115.607 Executing VM operation: ChangeSingleStep done
Event: 115.608 Executing VM operation: get/set locals
Event: 115.608 Executing VM operation: get/set locals done
Event: 115.608 Executing VM operation: ChangeSingleStep
Event: 115.608 Executing VM operation: ChangeSingleStep done

Events (20 events):
Event: 6.543 loading class java/util/stream/DoubleStream done
Event: 6.559 loading class org/w3c/dom/Document
Event: 6.559 loading class org/w3c/dom/Document done
Event: 6.605 loading class java/time/format/DateTimeFormatterBuilder$ZoneTextPrinterParser
Event: 6.605 loading class java/time/format/DateTimeFormatterBuilder$ZoneTextPrinterParser done
Event: 6.605 loading class java/time/format/DateTimeFormatterBuilder$ReducedPrinterParser
Event: 6.606 loading class java/time/format/DateTimeFormatterBuilder$ReducedPrinterParser done
Event: 6.637 loading class java/time/format/DateTimeParseContext
Event: 6.637 loading class java/time/format/DateTimeParseContext done
Event: 6.637 loading class java/time/format/Parsed
Event: 6.638 loading class java/time/format/Parsed done
Event: 6.641 loading class java/lang/ObjectCustomizer
Event: 6.641 loading class java/lang/ObjectCustomizer done
Event: 6.641 loading class java/lang/ObjectCustomizer
Event: 6.641 loading class java/lang/ObjectCustomizer done
Event: 6.655 loading class sun/reflect/annotation/TypeAnnotation$TypeAnnotationTargetInfo
Event: 6.655 loading class sun/reflect/annotation/TypeAnnotation$TypeAnnotationTargetInfo done
Event: 8.491 Thread 0x0000024548c39df0 Thread exited: 0x0000024548c39df0
Event: 11.745 Thread 0x00000245436853f0 Thread exited: 0x00000245436853f0
Event: 11.745 Thread 0x0000024542bf8da0 Thread exited: 0x0000024542bf8da0


Dynamic libraries:
0x00007ff634380000 - 0x00007ff63438e000 	C:\Users\gabri\.p2\pool\plugins\org.eclipse.justj.openjdk.hotspot.jre.full.win32.x86_64_17.0.1.v20211116-1657\jre\bin\javaw.exe
0x00007ffcc3050000 - 0x00007ffcc3245000 	C:\Windows\SYSTEM32\ntdll.dll
0x00007ffcc1c80000 - 0x00007ffcc1d3e000 	C:\Windows\System32\KERNEL32.DLL
0x00007ffcc0a50000 - 0x00007ffcc0d18000 	C:\Windows\System32\KERNELBASE.dll
0x00007ffcc0fb0000 - 0x00007ffcc10b0000 	C:\Windows\System32\ucrtbase.dll
0x00007ffcb26e0000 - 0x00007ffcb26f8000 	C:\Users\gabri\.p2\pool\plugins\org.eclipse.justj.openjdk.hotspot.jre.full.win32.x86_64_17.0.1.v20211116-1657\jre\bin\jli.dll
0x00007ffcb03d0000 - 0x00007ffcb03e9000 	C:\Users\gabri\.p2\pool\plugins\org.eclipse.justj.openjdk.hotspot.jre.full.win32.x86_64_17.0.1.v20211116-1657\jre\bin\VCRUNTIME140.dll
0x00007ffcc2710000 - 0x00007ffcc28b0000 	C:\Windows\System32\USER32.dll
0x00007ffcb1a10000 - 0x00007ffcb1caa000 	C:\Windows\WinSxS\amd64_microsoft.windows.common-controls_6595b64144ccf1df_6.0.19041.1110_none_60b5254171f9507e\COMCTL32.dll
0x00007ffcc0f80000 - 0x00007ffcc0fa2000 	C:\Windows\System32\win32u.dll
0x00007ffcc1d40000 - 0x00007ffcc1dde000 	C:\Windows\System32\msvcrt.dll
0x00007ffcc2c70000 - 0x00007ffcc2c9a000 	C:\Windows\System32\GDI32.dll
0x00007ffcc0770000 - 0x00007ffcc087b000 	C:\Windows\System32\gdi32full.dll
0x00007ffcc0940000 - 0x00007ffcc09dd000 	C:\Windows\System32\msvcp_win.dll
0x00007ffcc19a0000 - 0x00007ffcc19d0000 	C:\Windows\System32\IMM32.DLL
0x00007ffcb7520000 - 0x00007ffcb752c000 	C:\Users\gabri\.p2\pool\plugins\org.eclipse.justj.openjdk.hotspot.jre.full.win32.x86_64_17.0.1.v20211116-1657\jre\bin\vcruntime140_1.dll
0x00007ffcaf440000 - 0x00007ffcaf4d1000 	C:\Users\gabri\.p2\pool\plugins\org.eclipse.justj.openjdk.hotspot.jre.full.win32.x86_64_17.0.1.v20211116-1657\jre\bin\msvcp140.dll
0x00007ffc2e3e0000 - 0x00007ffc2f026000 	C:\Users\gabri\.p2\pool\plugins\org.eclipse.justj.openjdk.hotspot.jre.full.win32.x86_64_17.0.1.v20211116-1657\jre\bin\server\jvm.dll
0x00007ffcc2d80000 - 0x00007ffcc2e2e000 	C:\Windows\System32\ADVAPI32.dll
0x00007ffcc1be0000 - 0x00007ffcc1c7c000 	C:\Windows\System32\sechost.dll
0x00007ffcc24e0000 - 0x00007ffcc2605000 	C:\Windows\System32\RPCRT4.dll
0x00007ffcc1af0000 - 0x00007ffcc1af8000 	C:\Windows\System32\PSAPI.DLL
0x00007ffcb8e90000 - 0x00007ffcb8e99000 	C:\Windows\SYSTEM32\WSOCK32.dll
0x00007ffcb6c20000 - 0x00007ffcb6c2a000 	C:\Windows\SYSTEM32\VERSION.dll
0x00007ffcb39d0000 - 0x00007ffcb39f7000 	C:\Windows\SYSTEM32\WINMM.dll
0x00007ffcc2620000 - 0x00007ffcc268b000 	C:\Windows\System32\WS2_32.dll
0x00007ffcbf020000 - 0x00007ffcbf032000 	C:\Windows\SYSTEM32\kernel.appcore.dll
0x00007ffcb7030000 - 0x00007ffcb703a000 	C:\Users\gabri\.p2\pool\plugins\org.eclipse.justj.openjdk.hotspot.jre.full.win32.x86_64_17.0.1.v20211116-1657\jre\bin\jimage.dll
0x00007ffcbe390000 - 0x00007ffcbe574000 	C:\Windows\SYSTEM32\DBGHELP.DLL
0x00007ffcab560000 - 0x00007ffcab58c000 	C:\Windows\SYSTEM32\dbgcore.DLL
0x00007ffcc0880000 - 0x00007ffcc0902000 	C:\Windows\System32\bcryptPrimitives.dll
0x00007ffcb15f0000 - 0x00007ffcb162b000 	C:\Users\gabri\.p2\pool\plugins\org.eclipse.justj.openjdk.hotspot.jre.full.win32.x86_64_17.0.1.v20211116-1657\jre\bin\jdwp.dll
0x00007ffcb7020000 - 0x00007ffcb702e000 	C:\Users\gabri\.p2\pool\plugins\org.eclipse.justj.openjdk.hotspot.jre.full.win32.x86_64_17.0.1.v20211116-1657\jre\bin\instrument.dll
0x00007ffcb0200000 - 0x00007ffcb0225000 	C:\Users\gabri\.p2\pool\plugins\org.eclipse.justj.openjdk.hotspot.jre.full.win32.x86_64_17.0.1.v20211116-1657\jre\bin\java.dll
0x00007ffcb6b60000 - 0x00007ffcb6b78000 	C:\Users\gabri\.p2\pool\plugins\org.eclipse.justj.openjdk.hotspot.jre.full.win32.x86_64_17.0.1.v20211116-1657\jre\bin\zip.dll
0x00007ffcc11c0000 - 0x00007ffcc1904000 	C:\Windows\System32\SHELL32.dll
0x00007ffcbe870000 - 0x00007ffcbf004000 	C:\Windows\SYSTEM32\windows.storage.dll
0x00007ffcc28b0000 - 0x00007ffcc2c04000 	C:\Windows\System32\combase.dll
0x00007ffcc01e0000 - 0x00007ffcc020c000 	C:\Windows\SYSTEM32\Wldp.dll
0x00007ffcc2f60000 - 0x00007ffcc300d000 	C:\Windows\System32\SHCORE.dll
0x00007ffcc1f90000 - 0x00007ffcc1fe5000 	C:\Windows\System32\shlwapi.dll
0x00007ffcc06b0000 - 0x00007ffcc06cf000 	C:\Windows\SYSTEM32\profapi.dll
0x00007ffcb49e0000 - 0x00007ffcb49ec000 	C:\Users\gabri\.p2\pool\plugins\org.eclipse.justj.openjdk.hotspot.jre.full.win32.x86_64_17.0.1.v20211116-1657\jre\bin\dt_socket.dll
0x00007ffcbfbe0000 - 0x00007ffcbfc1b000 	C:\Windows\SYSTEM32\IPHLPAPI.DLL
0x00007ffcbff40000 - 0x00007ffcbffaa000 	C:\Windows\system32\mswsock.dll
0x00007ffcbfc20000 - 0x00007ffcbfceb000 	C:\Windows\SYSTEM32\DNSAPI.dll
0x00007ffcc2610000 - 0x00007ffcc2618000 	C:\Windows\System32\NSI.dll
0x00007ffcb8e00000 - 0x00007ffcb8e0a000 	C:\Windows\System32\rasadhlp.dll
0x00007ffcb57d0000 - 0x00007ffcb584f000 	C:\Windows\System32\fwpuclnt.dll
0x00007ffcc0910000 - 0x00007ffcc0937000 	C:\Windows\System32\bcrypt.dll
0x00007ffcb22a0000 - 0x00007ffcb22b9000 	C:\Users\gabri\.p2\pool\plugins\org.eclipse.justj.openjdk.hotspot.jre.full.win32.x86_64_17.0.1.v20211116-1657\jre\bin\net.dll
0x00007ffcba360000 - 0x00007ffcba46a000 	C:\Windows\SYSTEM32\WINHTTP.dll
0x00007ffcb04c0000 - 0x00007ffcb04d5000 	C:\Users\gabri\.p2\pool\plugins\org.eclipse.justj.openjdk.hotspot.jre.full.win32.x86_64_17.0.1.v20211116-1657\jre\bin\nio.dll
0x00007ffcb01f0000 - 0x00007ffcb0200000 	C:\Users\gabri\.p2\pool\plugins\org.eclipse.justj.openjdk.hotspot.jre.full.win32.x86_64_17.0.1.v20211116-1657\jre\bin\verify.dll
0x00007ffcb7ff0000 - 0x00007ffcb8007000 	C:\Windows\SYSTEM32\dhcpcsvc6.DLL
0x00007ffcb7f60000 - 0x00007ffcb7f7d000 	C:\Windows\SYSTEM32\dhcpcsvc.DLL
0x00007ffcaf630000 - 0x00007ffcaf639000 	C:\Users\gabri\.p2\pool\plugins\org.eclipse.justj.openjdk.hotspot.jre.full.win32.x86_64_17.0.1.v20211116-1657\jre\bin\management.dll
0x00007ffcaf200000 - 0x00007ffcaf20b000 	C:\Users\gabri\.p2\pool\plugins\org.eclipse.justj.openjdk.hotspot.jre.full.win32.x86_64_17.0.1.v20211116-1657\jre\bin\management_ext.dll
0x00007ffcb8e60000 - 0x00007ffcb8e77000 	C:\Windows\system32\napinsp.dll
0x00007ffcb7870000 - 0x00007ffcb788b000 	C:\Windows\system32\pnrpnsp.dll
0x00007ffcba5d0000 - 0x00007ffcba5e5000 	C:\Windows\system32\wshbth.dll
0x00007ffcbb320000 - 0x00007ffcbb33d000 	C:\Windows\system32\NLAapi.dll
0x00007ffcb7850000 - 0x00007ffcb7862000 	C:\Windows\System32\winrnr.dll
0x00007ffcc0140000 - 0x00007ffcc0158000 	C:\Windows\SYSTEM32\CRYPTSP.dll
0x00007ffcbf850000 - 0x00007ffcbf884000 	C:\Windows\system32\rsaenh.dll
0x00007ffcc0670000 - 0x00007ffcc069e000 	C:\Windows\SYSTEM32\USERENV.dll
0x00007ffcc0130000 - 0x00007ffcc013c000 	C:\Windows\SYSTEM32\CRYPTBASE.dll

dbghelp: loaded successfully - version: 4.0.5 - missing functions: none
symbol engine: initialized successfully - sym options: 0x614 - pdb path: .;C:\Users\gabri\.p2\pool\plugins\org.eclipse.justj.openjdk.hotspot.jre.full.win32.x86_64_17.0.1.v20211116-1657\jre\bin;C:\Windows\SYSTEM32;C:\Windows\WinSxS\amd64_microsoft.windows.common-controls_6595b64144ccf1df_6.0.19041.1110_none_60b5254171f9507e;C:\Users\gabri\.p2\pool\plugins\org.eclipse.justj.openjdk.hotspot.jre.full.win32.x86_64_17.0.1.v20211116-1657\jre\bin\server

VM Arguments:
jvm_args: -XX:+ShowCodeDetailsInExceptionMessages -agentlib:jdwp=transport=dt_socket,suspend=y,address=localhost:52946 -ea -javaagent:C:\Users\gabri\eclipse\java-2021-12\eclipse\configuration\org.eclipse.osgi\224\0\.cp\lib\javaagent-shaded.jar -Dfile.encoding=UTF-8 
java_command: org.eclipse.jdt.internal.junit.runner.RemoteTestRunner -version 3 -port 52945 -testLoaderClass org.eclipse.jdt.internal.junit5.runner.JUnit5TestLoader -loaderpluginname org.eclipse.jdt.junit5.runtime -test ca.csfoy.servicesweb.camarchedoc.api.EventResourceTest:validUpdateEventReturn204NoContent -uniqueId [engine:junit-jupiter]/[class:ca.csfoy.servicesweb.camarchedoc.api.EventResourceTest]/[method:validUpdateEventReturn204NoContent()]
java_class_path (initial): D:\session4\Service Web\ex\projectTp2\target\test-classes;D:\session4\Service Web\ex\projectTp2\target\classes;C:\Users\gabri\.m2\repository\org\springframework\boot\spring-boot-starter-web\2.6.2\spring-boot-starter-web-2.6.2.jar;C:\Users\gabri\.m2\repository\org\springframework\boot\spring-boot-starter\2.6.2\spring-boot-starter-2.6.2.jar;C:\Users\gabri\.m2\repository\org\springframework\boot\spring-boot\2.6.2\spring-boot-2.6.2.jar;C:\Users\gabri\.m2\repository\org\springframework\boot\spring-boot-autoconfigure\2.6.2\spring-boot-autoconfigure-2.6.2.jar;C:\Users\gabri\.m2\repository\org\springframework\boot\spring-boot-starter-logging\2.6.2\spring-boot-starter-logging-2.6.2.jar;C:\Users\gabri\.m2\repository\ch\qos\logback\logback-classic\1.2.9\logback-classic-1.2.9.jar;C:\Users\gabri\.m2\repository\ch\qos\logback\logback-core\1.2.9\logback-core-1.2.9.jar;C:\Users\gabri\.m2\repository\org\apache\logging\log4j\log4j-to-slf4j\2.17.0\log4j-to-slf4j-2.17.0.jar;C:\Users\gabri\.m2\repository\org\apache\logging\log4j\log4j-api\2.17.0\log4j-api-2.17.0.jar;C:\Users\gabri\.m2\repository\org\slf4j\jul-to-slf4j\1.7.32\jul-to-slf4j-1.7.32.jar;C:\Users\gabri\.m2\repository\org\yaml\snakeyaml\1.29\snakeyaml-1.29.jar;C:\Users\gabri\.m2\repository\org\springframework\boot\spring-boot-starter-json\2.6.2\spring-boot-starter-json-2.6.2.jar;C:\Users\gabri\.m2\repository\com\fasterxml\jackson\core\jackson-databind\2.13.1\jackson-databind-2.13.1.jar;C:\Users\gabri\.m2\repository\com\fasterxml\jackson\core\jackson-annotations\2.13.1\jackson-annotations-2.13.1.jar;C:\Users\gabri\.m2\repository\com\fasterxml\jackson\datatype\jackson-datatype-jdk8\2.13.1\jackson-datatype-jdk8-2.13.1.jar;C:\Users\gabri\.m2\repository\com\fasterxml\jackson\datatype\jackson-datatype-jsr310\2.13.1\jackson-datatype-jsr310-2.13.1.jar;C:\Users\gabri\.m2\repository\com\fasterxml\jackson\module\jackson-module-parameter-names\2.13.1\jackson-module-parameter-names-2.13.1.jar;C:\Users\gabri\.m2
Launcher Type: SUN_STANDARD

[Global flags]
     intx CICompilerCount                          = 4                                         {product} {ergonomic}
     uint ConcGCThreads                            = 3                                         {product} {ergonomic}
     uint G1ConcRefinementThreads                  = 10                                        {product} {ergonomic}
   size_t G1HeapRegionSize                         = 2097152                                   {product} {ergonomic}
    uintx GCDrainStackTargetSize                   = 64                                        {product} {ergonomic}
   size_t InitialHeapSize                          = 266338304                                 {product} {ergonomic}
   size_t MarkStackSize                            = 4194304                                   {product} {ergonomic}
   size_t MaxHeapSize                              = 4246732800                                {product} {ergonomic}
   size_t MaxNewSize                               = 2548039680                                {product} {ergonomic}
   size_t MinHeapDeltaBytes                        = 2097152                                   {product} {ergonomic}
   size_t MinHeapSize                              = 8388608                                   {product} {ergonomic}
    uintx NonNMethodCodeHeapSize                   = 5839372                                {pd product} {ergonomic}
    uintx NonProfiledCodeHeapSize                  = 122909434                              {pd product} {ergonomic}
    uintx ProfiledCodeHeapSize                     = 122909434                              {pd product} {ergonomic}
    uintx ReservedCodeCacheSize                    = 251658240                              {pd product} {ergonomic}
     bool SegmentedCodeCache                       = true                                      {product} {ergonomic}
     bool ShowCodeDetailsInExceptionMessages       = true                                   {manageable} {command line}
   size_t SoftMaxHeapSize                          = 4246732800                             {manageable} {ergonomic}
     bool UseCompressedClassPointers               = true                           {product lp64_product} {ergonomic}
     bool UseCompressedOops                        = true                           {product lp64_product} {ergonomic}
     bool UseG1GC                                  = true                                      {product} {ergonomic}
     bool UseLargePagesIndividualAllocation        = false                                  {pd product} {ergonomic}

Logging:
Log output configuration:
 #0: stdout all=warning uptime,level,tags
 #1: stderr all=off uptime,level,tags

Environment Variables:
JAVA_HOME=C:\Program Files\Java\jdk-15.0.2
PATH=C:\Users\gabri\.p2\pool\plugins\org.eclipse.justj.openjdk.hotspot.jre.full.win32.x86_64_17.0.1.v20211116-1657\jre\bin;C:/Users/gabri/.p2/pool/plugins/org.eclipse.justj.openjdk.hotspot.jre.full.win32.x86_64_17.0.1.v20211116-1657/jre/bin/server;C:/Users/gabri/.p2/pool/plugins/org.eclipse.justj.openjdk.hotspot.jre.full.win32.x86_64_17.0.1.v20211116-1657/jre/bin;C:\python3.10.2\Scripts\;C:\python3.10.2\;C:\Program Files\Eclipse Foundation\jdk-8.0.302.8-hotspot\bin;C:\Program Files\Common Files\Oracle\Java\javapath;C:\Windows\system32;C:\Windows;C:\Windows\System32\Wbem;C:\Windows\System32\WindowsPowerShell\v1.0\;C:\Windows\System32\OpenSSH\;C:\Program Files (x86)\NVIDIA Corporation\PhysX\Common;C:\Program Files\dotnet\;C:\Program Files\Java\jdk-15.0.2\bin;C:\Program Files\Microsoft SQL Server\Client SDK\ODBC\170\Tools\Binn\;C:\Program Files (x86)\Microsoft SQL Server\150\Tools\Binn\;C:\Program Files\Microsoft SQL Server\150\Tools\Binn\;C:\Program Files\Microsoft SQL Server\150\DTS\Binn\;C:\Program Files (x86)\Microsoft SQL Server\150\DTS\Binn\;C:\Program Files\Azure Data Studio\bin;C:\Program Files (x86)\Visual Leak Detector\bin\Win32;C:\Program Files (x86)\Visual Leak Detector\bin\Win64;C:\Program Files\nodejs\;C:\Maven\apache-maven-3.8.4\bin;C:\Program Files\Git\cmd;C:\Users\gabri\AppData\Local\Microsoft\WindowsApps;;C:\Users\gabri\AppData\Local\Programs\Microsoft VS Code\bin;C:\Users\gabri\.dotnet\tools;C:\Program Files\Azure Data Studio\bin;C:\Users\gabri\AppData\Roaming\npm;C:\Program Files\Heroku\bin;C:\Windows\System32;
USERNAME=gabri
OS=Windows_NT
PROCESSOR_IDENTIFIER=Intel64 Family 6 Model 158 Stepping 10, GenuineIntel



---------------  S Y S T E M  ---------------

OS:
 Windows 10 , 64 bit Build 19041 (10.0.19041.1645)
OS uptime: 10 days 2:29 hours

CPU: total 12 (initial active 12) (6 cores per cpu, 2 threads per core) family 6 model 158 stepping 10 microcode 0xde, cx8, cmov, fxsr, ht, mmx, 3dnowpref, sse, sse2, sse3, ssse3, sse4.1, sse4.2, popcnt, lzcnt, tsc, tscinvbit, avx, avx2, aes, erms, clmul, bmi1, bmi2, adx, fma, vzeroupper, clflush, clflushopt

Memory: 4k page, system-wide physical 16194M (6619M free)
TotalPageFile size 21570M (AvailPageFile size 4085M)
current process WorkingSet (physical memory assigned to process): 343M, peak: 426M
current process commit charge ("private bytes"): 380M, peak: 465M

vm_info: OpenJDK 64-Bit Server VM (17.0.1+12) for windows-amd64 JRE (17.0.1+12), built on Oct 20 2021 07:42:55 by "" with MS VC++ 16.7 (VS2019)

END.
